<?xml version="1.0" encoding="UTF-8"?>
<!-- Generated by org.testng.reporters.JUnitReportReporter -->
<testsuite skipped="0" hostname="DESKTOP-073AVQH" name="FunctionalTestSuite.DemoBlaze.SignUpTest" tests="1" failures="0" timestamp="2021-04-15T13:08:22 IST" time="0.083" errors="0">
  <testcase name="SignUPTestValidation" time="0.083" classname="FunctionalTestSuite.DemoBlaze.SignUpTest"/>
  <system-out/>
</testsuite> <!-- FunctionalTestSuite.DemoBlaze.SignUpTest -->
