<?xml version="1.0" encoding="UTF-8"?>
<!-- Generated by org.testng.reporters.JUnitReportReporter -->
<testsuite skipped="0" hostname="DESKTOP-073AVQH" name="FunctionalTestSuite.DemoBlaze.LoginTest" tests="1" failures="0" timestamp="2021-04-15T13:08:22 IST" time="0.008" errors="0">
  <testcase name="LoginTestValidation" time="0.008" classname="FunctionalTestSuite.DemoBlaze.LoginTest"/>
  <system-out/>
</testsuite> <!-- FunctionalTestSuite.DemoBlaze.LoginTest -->
