<?xml version="1.0" encoding="UTF-8"?>
<!-- Generated by org.testng.reporters.JUnitReportReporter -->
<testsuite skipped="0" hostname="DESKTOP-073AVQH" name="FunctionalTestSuite.DemoBlaze.HomePage" tests="2" failures="0" timestamp="2021-04-15T13:08:22 IST" time="10.357" errors="0">
  <testcase name="config" time="0.004" classname="FunctionalTestSuite.DemoBlaze.HomePage"/>
  <system-out/>
  <testcase name="HomePageValidation" time="10.353" classname="FunctionalTestSuite.DemoBlaze.HomePage"/>
  <system-out/>
</testsuite> <!-- FunctionalTestSuite.DemoBlaze.HomePage -->
